[2026-03-17T19:57:45.679Z] {"timestamp":1773777465602,"kind":"click","url":"http://localhost:3000/","viewport":{"width":1366,"height":616},"payload":{"target":{"tag":"h2","id":null,"name":null,"type":null,"role":null,"ariaLabel":null,"testId":null,"dataLoc":"client\\src\\components\\Hero.tsx:19","href":null,"text":"Transformando Ideias em","selectorHint":"[data-loc=\"client\\src\\components\\Hero.tsx:19\"]"},"x":500,"y":344}}
[2026-03-17T19:57:47.684Z] {"timestamp":1773777466100,"kind":"scroll","url":"http://localhost:3000/","viewport":{"width":1366,"height":616},"payload":{"scrollX":0,"scrollY":2,"documentHeight":2420,"viewportHeight":616}}
[2026-03-17T19:57:47.684Z] {"timestamp":1773777466616,"kind":"scroll","url":"http://localhost:3000/","viewport":{"width":1366,"height":616},"payload":{"scrollX":0,"scrollY":42,"documentHeight":2420,"viewportHeight":616}}
[2026-03-17T19:57:47.684Z] {"timestamp":1773777467367,"kind":"scroll","url":"http://localhost:3000/","viewport":{"width":1366,"height":616},"payload":{"scrollX":0,"scrollY":402,"documentHeight":2420,"viewportHeight":616}}
[2026-03-17T19:57:49.688Z] {"timestamp":1773777467949,"kind":"scroll","url":"http://localhost:3000/","viewport":{"width":1366,"height":616},"payload":{"scrollX":0,"scrollY":437,"documentHeight":2420,"viewportHeight":616}}
[2026-03-17T19:57:49.688Z] {"timestamp":1773777468466,"kind":"scroll","url":"http://localhost:3000/","viewport":{"width":1366,"height":616},"payload":{"scrollX":0,"scrollY":398,"documentHeight":2420,"viewportHeight":616}}
[2026-03-17T19:57:51.684Z] {"timestamp":1773777469715,"kind":"scroll","url":"http://localhost:3000/","viewport":{"width":1366,"height":616},"payload":{"scrollX":0,"scrollY":1,"documentHeight":2420,"viewportHeight":616}}
[2026-03-17T19:57:51.684Z] {"timestamp":1773777470248,"kind":"scroll","url":"http://localhost:3000/","viewport":{"width":1366,"height":616},"payload":{"scrollX":0,"scrollY":43,"documentHeight":2420,"viewportHeight":616}}
[2026-03-17T19:57:51.684Z] {"timestamp":1773777471597,"kind":"scroll","url":"http://localhost:3000/","viewport":{"width":1366,"height":616},"payload":{"scrollX":0,"scrollY":442,"documentHeight":2420,"viewportHeight":616}}
[2026-03-17T19:57:53.680Z] {"timestamp":1773777472114,"kind":"scroll","url":"http://localhost:3000/","viewport":{"width":1366,"height":616},"payload":{"scrollX":0,"scrollY":482,"documentHeight":2420,"viewportHeight":616}}
[2026-03-17T19:57:53.680Z] {"timestamp":1773777472708,"kind":"scroll","url":"http://localhost:3000/","viewport":{"width":1366,"height":616},"payload":{"scrollX":0,"scrollY":1000,"documentHeight":2415,"viewportHeight":616}}
[2026-03-17T19:57:55.687Z] {"timestamp":1773777474579,"kind":"scroll","url":"http://localhost:3000/","viewport":{"width":1366,"height":616},"payload":{"scrollX":0,"scrollY":1003,"documentHeight":2415,"viewportHeight":616}}
[2026-03-17T19:57:59.689Z] {"timestamp":1773777478460,"kind":"scroll","url":"http://localhost:3000/","viewport":{"width":1366,"height":616},"payload":{"scrollX":0,"scrollY":1041,"documentHeight":2420,"viewportHeight":616}}
[2026-03-17T19:57:59.689Z] {"timestamp":1773777478976,"kind":"scroll","url":"http://localhost:3000/","viewport":{"width":1366,"height":616},"payload":{"scrollX":0,"scrollY":1081,"documentHeight":2420,"viewportHeight":616}}
[2026-03-17T19:57:59.689Z] {"timestamp":1773777479476,"kind":"scroll","url":"http://localhost:3000/","viewport":{"width":1366,"height":616},"payload":{"scrollX":0,"scrollY":1559,"documentHeight":2420,"viewportHeight":616}}
[2026-03-17T19:58:01.684Z] {"timestamp":1773777480042,"kind":"scroll","url":"http://localhost:3000/","viewport":{"width":1366,"height":616},"payload":{"scrollX":0,"scrollY":1557,"documentHeight":2420,"viewportHeight":616}}
[2026-03-17T19:58:01.684Z] {"timestamp":1773777480559,"kind":"scroll","url":"http://localhost:3000/","viewport":{"width":1366,"height":616},"payload":{"scrollX":0,"scrollY":1518,"documentHeight":2420,"viewportHeight":616}}
[2026-03-17T19:58:35.681Z] {"timestamp":1773777514740,"kind":"scroll","url":"http://localhost:3000/","viewport":{"width":1366,"height":616},"payload":{"scrollX":0,"scrollY":1319,"documentHeight":2415,"viewportHeight":616}}
[2026-03-17T19:58:35.681Z] {"timestamp":1773777515256,"kind":"scroll","url":"http://localhost:3000/","viewport":{"width":1366,"height":616},"payload":{"scrollX":0,"scrollY":1279,"documentHeight":2415,"viewportHeight":616}}
[2026-03-17T19:58:37.674Z] {"timestamp":1773777515757,"kind":"scroll","url":"http://localhost:3000/","viewport":{"width":1366,"height":616},"payload":{"scrollX":0,"scrollY":739,"documentHeight":2420,"viewportHeight":616}}
[2026-03-17T19:58:37.674Z] {"timestamp":1773777516273,"kind":"scroll","url":"http://localhost:3000/","viewport":{"width":1366,"height":616},"payload":{"scrollX":0,"scrollY":113,"documentHeight":2420,"viewportHeight":616}}
[2026-03-17T19:58:41.683Z] {"timestamp":1773777519921,"kind":"scroll","url":"http://localhost:3000/","viewport":{"width":1366,"height":616},"payload":{"scrollX":0,"scrollY":2,"documentHeight":2420,"viewportHeight":616}}
[2026-03-17T19:58:43.676Z] {"timestamp":1773777522969,"kind":"scroll","url":"http://localhost:3000/","viewport":{"width":1366,"height":616},"payload":{"scrollX":0,"scrollY":82,"documentHeight":2420,"viewportHeight":616}}
[2026-03-17T19:58:43.676Z] {"timestamp":1773777523486,"kind":"scroll","url":"http://localhost:3000/","viewport":{"width":1366,"height":616},"payload":{"scrollX":0,"scrollY":121,"documentHeight":2420,"viewportHeight":616}}
[2026-03-17T19:58:45.684Z] {"timestamp":1773777525509,"kind":"focusin","url":"http://localhost:3000/","viewport":{"width":1366,"height":616},"payload":{"target":{"tag":"a","id":null,"name":null,"type":null,"role":null,"ariaLabel":null,"testId":null,"dataLoc":"client\\src\\components\\Footer.tsx:75","href":"https://w.app/zkxzqg","text":"💬","selectorHint":"[data-loc=\"client\\src\\components\\Footer.tsx:75\"]"}}}
[2026-03-17T19:58:48.433Z] {"timestamp":1773777525729,"kind":"click","url":"http://localhost:3000/","viewport":{"width":1366,"height":616},"payload":{"target":{"tag":"div","id":null,"name":null,"type":null,"role":null,"ariaLabel":null,"testId":null,"dataLoc":"client\\src\\components\\Footer.tsx:82","href":null,"text":"💬","selectorHint":"[data-loc=\"client\\src\\components\\Footer.tsx:82\"]"},"x":1302,"y":567}}
[2026-03-17T19:58:48.433Z] {"timestamp":1773777525761,"kind":"focusout","url":"http://localhost:3000/","viewport":{"width":1366,"height":616},"payload":{"target":{"tag":"a","id":null,"name":null,"type":null,"role":null,"ariaLabel":null,"testId":null,"dataLoc":"client\\src\\components\\Footer.tsx:75","href":"https://w.app/zkxzqg","text":"💬","selectorHint":"[data-loc=\"client\\src\\components\\Footer.tsx:75\"]"},"value":null}}
[2026-03-17T19:58:59.678Z] {"timestamp":1773777538621,"kind":"focusin","url":"http://localhost:3000/","viewport":{"width":1366,"height":616},"payload":{"target":{"tag":"a","id":null,"name":null,"type":null,"role":null,"ariaLabel":null,"testId":null,"dataLoc":"client\\src\\components\\Footer.tsx:75","href":"https://w.app/zkxzqg","text":"💬","selectorHint":"[data-loc=\"client\\src\\components\\Footer.tsx:75\"]"}}}
[2026-03-17T19:59:01.678Z] {"timestamp":1773777540344,"kind":"scroll","url":"http://localhost:3000/","viewport":{"width":1366,"height":616},"payload":{"scrollX":0,"scrollY":376,"documentHeight":2420,"viewportHeight":616}}
[2026-03-17T19:59:03.678Z] {"timestamp":1773777541905,"kind":"focusout","url":"http://localhost:3000/","viewport":{"width":1366,"height":616},"payload":{"target":{"tag":"a","id":null,"name":null,"type":null,"role":null,"ariaLabel":null,"testId":null,"dataLoc":"client\\src\\components\\Footer.tsx:75","href":"https://w.app/zkxzqg","text":"💬","selectorHint":"[data-loc=\"client\\src\\components\\Footer.tsx:75\"]"},"value":null}}
[2026-03-17T19:59:03.678Z] {"timestamp":1773777541905,"kind":"focusin","url":"http://localhost:3000/","viewport":{"width":1366,"height":616},"payload":{"target":{"tag":"a","id":null,"name":null,"type":null,"role":null,"ariaLabel":null,"testId":null,"dataLoc":"client\\src\\components\\Navigation.tsx:36","href":"#home","text":"Home","selectorHint":"[data-loc=\"client\\src\\components\\Navigation.tsx:36\"]"}}}
[2026-03-17T19:59:03.678Z] {"timestamp":1773777542121,"kind":"click","url":"http://localhost:3000/","viewport":{"width":1366,"height":616},"payload":{"target":{"tag":"a","id":null,"name":null,"type":null,"role":null,"ariaLabel":null,"testId":null,"dataLoc":"client\\src\\components\\Navigation.tsx:36","href":"#home","text":"Home","selectorHint":"[data-loc=\"client\\src\\components\\Navigation.tsx:36\"]"},"x":963,"y":32}}
[2026-03-17T19:59:03.678Z] {"timestamp":1773777542125,"kind":"navigate","url":"http://localhost:3000/#home","viewport":{"width":1366,"height":616},"payload":{"reason":"popstate"}}
[2026-03-17T19:59:03.678Z] {"timestamp":1773777542125,"kind":"focusout","url":"http://localhost:3000/#home","viewport":{"width":1366,"height":616},"payload":{"target":{"tag":"a","id":null,"name":null,"type":null,"role":null,"ariaLabel":null,"testId":null,"dataLoc":"client\\src\\components\\Navigation.tsx:36","href":"#home","text":"Home","selectorHint":"[data-loc=\"client\\src\\components\\Navigation.tsx:36\"]"},"value":null}}
[2026-03-17T19:59:03.678Z] {"timestamp":1773777542126,"kind":"navigate","url":"http://localhost:3000/#home","viewport":{"width":1366,"height":616},"payload":{"reason":"hashchange"}}
[2026-03-17T19:59:05.692Z] {"timestamp":1773777543805,"kind":"focusin","url":"http://localhost:3000/#home","viewport":{"width":1366,"height":616},"payload":{"target":{"tag":"a","id":null,"name":null,"type":null,"role":null,"ariaLabel":null,"testId":null,"dataLoc":"client\\src\\components\\Navigation.tsx:36","href":"#perfil","text":"Perfil","selectorHint":"[data-loc=\"client\\src\\components\\Navigation.tsx:36\"]"}}}
[2026-03-17T19:59:05.692Z] {"timestamp":1773777544026,"kind":"click","url":"http://localhost:3000/#home","viewport":{"width":1366,"height":616},"payload":{"target":{"tag":"a","id":null,"name":null,"type":null,"role":null,"ariaLabel":null,"testId":null,"dataLoc":"client\\src\\components\\Navigation.tsx:36","href":"#perfil","text":"Perfil","selectorHint":"[data-loc=\"client\\src\\components\\Navigation.tsx:36\"]"},"x":1048,"y":41}}
[2026-03-17T19:59:05.692Z] {"timestamp":1773777544027,"kind":"navigate","url":"http://localhost:3000/#perfil","viewport":{"width":1366,"height":616},"payload":{"reason":"popstate"}}
[2026-03-17T19:59:05.692Z] {"timestamp":1773777544028,"kind":"navigate","url":"http://localhost:3000/#perfil","viewport":{"width":1366,"height":616},"payload":{"reason":"hashchange"}}
[2026-03-17T19:59:05.692Z] {"timestamp":1773777545458,"kind":"focusout","url":"http://localhost:3000/#perfil","viewport":{"width":1366,"height":616},"payload":{"target":{"tag":"a","id":null,"name":null,"type":null,"role":null,"ariaLabel":null,"testId":null,"dataLoc":"client\\src\\components\\Navigation.tsx:36","href":"#perfil","text":"Perfil","selectorHint":"[data-loc=\"client\\src\\components\\Navigation.tsx:36\"]"},"value":null}}
[2026-03-17T19:59:05.692Z] {"timestamp":1773777545458,"kind":"focusin","url":"http://localhost:3000/#perfil","viewport":{"width":1366,"height":616},"payload":{"target":{"tag":"a","id":null,"name":null,"type":null,"role":null,"ariaLabel":null,"testId":null,"dataLoc":"client\\src\\components\\Navigation.tsx:36","href":"#servicos","text":"Serviços","selectorHint":"[data-loc=\"client\\src\\components\\Navigation.tsx:36\"]"}}}
[2026-03-17T19:59:05.692Z] {"timestamp":1773777545673,"kind":"click","url":"http://localhost:3000/#perfil","viewport":{"width":1366,"height":616},"payload":{"target":{"tag":"a","id":null,"name":null,"type":null,"role":null,"ariaLabel":null,"testId":null,"dataLoc":"client\\src\\components\\Navigation.tsx:36","href":"#servicos","text":"Serviços","selectorHint":"[data-loc=\"client\\src\\components\\Navigation.tsx:36\"]"},"x":1120,"y":30}}
[2026-03-17T19:59:05.692Z] {"timestamp":1773777545674,"kind":"navigate","url":"http://localhost:3000/#servicos","viewport":{"width":1366,"height":616},"payload":{"reason":"popstate"}}
[2026-03-17T19:59:05.692Z] {"timestamp":1773777545675,"kind":"focusout","url":"http://localhost:3000/#servicos","viewport":{"width":1366,"height":616},"payload":{"target":{"tag":"a","id":null,"name":null,"type":null,"role":null,"ariaLabel":null,"testId":null,"dataLoc":"client\\src\\components\\Navigation.tsx:36","href":"#servicos","text":"Serviços","selectorHint":"[data-loc=\"client\\src\\components\\Navigation.tsx:36\"]"},"value":null}}
[2026-03-17T19:59:05.692Z] {"timestamp":1773777545676,"kind":"scroll","url":"http://localhost:3000/#servicos","viewport":{"width":1366,"height":616},"payload":{"scrollX":0,"scrollY":856,"documentHeight":2420,"viewportHeight":616}}
[2026-03-17T19:59:05.692Z] {"timestamp":1773777545676,"kind":"navigate","url":"http://localhost:3000/#servicos","viewport":{"width":1366,"height":616},"payload":{"reason":"hashchange"}}
[2026-03-17T19:59:09.678Z] {"timestamp":1773777548008,"kind":"focusin","url":"http://localhost:3000/#servicos","viewport":{"width":1366,"height":616},"payload":{"target":{"tag":"a","id":null,"name":null,"type":null,"role":null,"ariaLabel":null,"testId":null,"dataLoc":"client\\src\\components\\Navigation.tsx:45","href":"#contato","text":"Contato","selectorHint":"[data-loc=\"client\\src\\components\\Navigation.tsx:45\"]"}}}
[2026-03-17T19:59:09.679Z] {"timestamp":1773777548219,"kind":"click","url":"http://localhost:3000/#servicos","viewport":{"width":1366,"height":616},"payload":{"target":{"tag":"a","id":null,"name":null,"type":null,"role":null,"ariaLabel":null,"testId":null,"dataLoc":"client\\src\\components\\Navigation.tsx:45","href":"#contato","text":"Contato","selectorHint":"[data-loc=\"client\\src\\components\\Navigation.tsx:45\"]"},"x":1232,"y":38}}
[2026-03-17T19:59:09.679Z] {"timestamp":1773777548220,"kind":"navigate","url":"http://localhost:3000/#contato","viewport":{"width":1366,"height":616},"payload":{"reason":"popstate"}}
[2026-03-17T19:59:09.679Z] {"timestamp":1773777548221,"kind":"navigate","url":"http://localhost:3000/#contato","viewport":{"width":1366,"height":616},"payload":{"reason":"hashchange"}}
[2026-03-17T19:59:11.679Z] {"timestamp":1773777550141,"kind":"focusout","url":"http://localhost:3000/#contato","viewport":{"width":1366,"height":616},"payload":{"target":{"tag":"a","id":null,"name":null,"type":null,"role":null,"ariaLabel":null,"testId":null,"dataLoc":"client\\src\\components\\Navigation.tsx:45","href":"#contato","text":"Contato","selectorHint":"[data-loc=\"client\\src\\components\\Navigation.tsx:45\"]"},"value":null}}
[2026-03-17T19:59:11.679Z] {"timestamp":1773777550141,"kind":"focusin","url":"http://localhost:3000/#contato","viewport":{"width":1366,"height":616},"payload":{"target":{"tag":"a","id":null,"name":null,"type":null,"role":null,"ariaLabel":null,"testId":null,"dataLoc":"client\\src\\components\\Navigation.tsx:36","href":"#home","text":"Home","selectorHint":"[data-loc=\"client\\src\\components\\Navigation.tsx:36\"]"}}}
[2026-03-17T19:59:11.679Z] {"timestamp":1773777550366,"kind":"click","url":"http://localhost:3000/#contato","viewport":{"width":1366,"height":616},"payload":{"target":{"tag":"a","id":null,"name":null,"type":null,"role":null,"ariaLabel":null,"testId":null,"dataLoc":"client\\src\\components\\Navigation.tsx:36","href":"#home","text":"Home","selectorHint":"[data-loc=\"client\\src\\components\\Navigation.tsx:36\"]"},"x":956,"y":30}}
[2026-03-17T19:59:11.679Z] {"timestamp":1773777550367,"kind":"navigate","url":"http://localhost:3000/#home","viewport":{"width":1366,"height":616},"payload":{"reason":"popstate"}}
[2026-03-17T19:59:11.679Z] {"timestamp":1773777550367,"kind":"focusout","url":"http://localhost:3000/#home","viewport":{"width":1366,"height":616},"payload":{"target":{"tag":"a","id":null,"name":null,"type":null,"role":null,"ariaLabel":null,"testId":null,"dataLoc":"client\\src\\components\\Navigation.tsx:36","href":"#home","text":"Home","selectorHint":"[data-loc=\"client\\src\\components\\Navigation.tsx:36\"]"},"value":null}}
[2026-03-17T19:59:11.679Z] {"timestamp":1773777550368,"kind":"scroll","url":"http://localhost:3000/#home","viewport":{"width":1366,"height":616},"payload":{"scrollX":0,"scrollY":0,"documentHeight":2420,"viewportHeight":616}}
[2026-03-17T19:59:11.679Z] {"timestamp":1773777550369,"kind":"navigate","url":"http://localhost:3000/#home","viewport":{"width":1366,"height":616},"payload":{"reason":"hashchange"}}
[2026-03-17T19:59:13.681Z] {"timestamp":1773777553087,"kind":"scroll","url":"http://localhost:3000/#home","viewport":{"width":1366,"height":616},"payload":{"scrollX":0,"scrollY":4,"documentHeight":2420,"viewportHeight":616}}
[2026-03-17T19:59:13.681Z] {"timestamp":1773777553619,"kind":"scroll","url":"http://localhost:3000/#home","viewport":{"width":1366,"height":616},"payload":{"scrollX":0,"scrollY":129,"documentHeight":2420,"viewportHeight":616}}
[2026-03-17T19:59:15.685Z] {"timestamp":1773777554119,"kind":"scroll","url":"http://localhost:3000/#home","viewport":{"width":1366,"height":616},"payload":{"scrollX":0,"scrollY":146,"documentHeight":2420,"viewportHeight":616}}
[2026-03-17T20:02:33.685Z] {"timestamp":1773777753331,"kind":"scroll","url":"http://localhost:3000/#home","viewport":{"width":1366,"height":616},"payload":{"scrollX":0,"scrollY":150,"documentHeight":2420,"viewportHeight":616}}
[2026-03-17T20:02:35.690Z] {"timestamp":1773777753844,"kind":"scroll","url":"http://localhost:3000/#home","viewport":{"width":1366,"height":616},"payload":{"scrollX":0,"scrollY":413,"documentHeight":2420,"viewportHeight":616}}
[2026-03-17T20:02:35.690Z] {"timestamp":1773777754410,"kind":"scroll","url":"http://localhost:3000/#home","viewport":{"width":1366,"height":616},"payload":{"scrollX":0,"scrollY":739,"documentHeight":2420,"viewportHeight":616}}
[2026-03-17T20:02:37.678Z] {"timestamp":1773777756276,"kind":"scroll","url":"http://localhost:3000/#home","viewport":{"width":1366,"height":616},"payload":{"scrollX":0,"scrollY":768,"documentHeight":2420,"viewportHeight":616}}
[2026-03-17T20:02:37.678Z] {"timestamp":1773777756842,"kind":"scroll","url":"http://localhost:3000/#home","viewport":{"width":1366,"height":616},"payload":{"scrollX":0,"scrollY":860,"documentHeight":2420,"viewportHeight":616}}
[2026-03-17T20:02:37.678Z] {"timestamp":1773777757342,"kind":"scroll","url":"http://localhost:3000/#home","viewport":{"width":1366,"height":616},"payload":{"scrollX":0,"scrollY":919,"documentHeight":2420,"viewportHeight":616}}
[2026-03-17T20:02:39.675Z] {"timestamp":1773777757891,"kind":"scroll","url":"http://localhost:3000/#home","viewport":{"width":1366,"height":616},"payload":{"scrollX":0,"scrollY":998,"documentHeight":2420,"viewportHeight":616}}
[2026-03-17T20:02:39.675Z] {"timestamp":1773777758457,"kind":"scroll","url":"http://localhost:3000/#home","viewport":{"width":1366,"height":616},"payload":{"scrollX":0,"scrollY":1031,"documentHeight":2420,"viewportHeight":616}}
[2026-03-17T20:02:39.675Z] {"timestamp":1773777759323,"kind":"scroll","url":"http://localhost:3000/#home","viewport":{"width":1366,"height":616},"payload":{"scrollX":0,"scrollY":1057,"documentHeight":2420,"viewportHeight":616}}
[2026-03-17T20:02:43.679Z] {"timestamp":1773777761673,"kind":"scroll","url":"http://localhost:3000/#home","viewport":{"width":1366,"height":616},"payload":{"scrollX":0,"scrollY":1077,"documentHeight":2420,"viewportHeight":616}}
[2026-03-17T20:02:43.679Z] {"timestamp":1773777762689,"kind":"scroll","url":"http://localhost:3000/#home","viewport":{"width":1366,"height":616},"payload":{"scrollX":0,"scrollY":1148,"documentHeight":2420,"viewportHeight":616}}
[2026-03-17T20:03:03.684Z] {"timestamp":1773777782598,"kind":"scroll","url":"http://localhost:3000/#home","viewport":{"width":1366,"height":616},"payload":{"scrollX":0,"scrollY":1332,"documentHeight":2420,"viewportHeight":616}}
[2026-03-17T20:03:19.688Z] {"timestamp":1773777798936,"kind":"scroll","url":"http://localhost:3000/#home","viewport":{"width":1366,"height":616},"payload":{"scrollX":0,"scrollY":1720,"documentHeight":2420,"viewportHeight":616}}
[2026-03-17T20:03:19.688Z] {"timestamp":1773777799502,"kind":"scroll","url":"http://localhost:3000/#home","viewport":{"width":1366,"height":616},"payload":{"scrollX":0,"scrollY":58,"documentHeight":2420,"viewportHeight":616}}
[2026-03-17T20:03:21.677Z] {"timestamp":1773777801084,"kind":"scroll","url":"http://localhost:3000/#home","viewport":{"width":1366,"height":616},"payload":{"scrollX":0,"scrollY":38,"documentHeight":2420,"viewportHeight":616}}
[2026-03-17T20:03:23.680Z] {"timestamp":1773777801751,"kind":"scroll","url":"http://localhost:3000/#home","viewport":{"width":1366,"height":616},"payload":{"scrollX":0,"scrollY":50,"documentHeight":2420,"viewportHeight":616}}
[2026-03-17T20:03:37.679Z] {"timestamp":1773777817192,"kind":"scroll","url":"http://localhost:3000/#home","viewport":{"width":1366,"height":616},"payload":{"scrollX":0,"scrollY":67,"documentHeight":2420,"viewportHeight":616}}
[2026-03-17T20:03:39.679Z] {"timestamp":1773777817708,"kind":"scroll","url":"http://localhost:3000/#home","viewport":{"width":1366,"height":616},"payload":{"scrollX":0,"scrollY":347,"documentHeight":2420,"viewportHeight":616}}
[2026-03-17T20:03:39.679Z] {"timestamp":1773777818508,"kind":"scroll","url":"http://localhost:3000/#home","viewport":{"width":1366,"height":616},"payload":{"scrollX":0,"scrollY":367,"documentHeight":2420,"viewportHeight":616}}
[2026-03-17T20:03:39.679Z] {"timestamp":1773777819008,"kind":"scroll","url":"http://localhost:3000/#home","viewport":{"width":1366,"height":616},"payload":{"scrollX":0,"scrollY":476,"documentHeight":2420,"viewportHeight":616}}
[2026-03-17T20:03:39.679Z] {"timestamp":1773777819574,"kind":"scroll","url":"http://localhost:3000/#home","viewport":{"width":1366,"height":616},"payload":{"scrollX":0,"scrollY":535,"documentHeight":2420,"viewportHeight":616}}
[2026-03-17T20:03:41.678Z] {"timestamp":1773777820174,"kind":"scroll","url":"http://localhost:3000/#home","viewport":{"width":1366,"height":616},"payload":{"scrollX":0,"scrollY":543,"documentHeight":2420,"viewportHeight":616}}
[2026-03-17T20:03:41.678Z] {"timestamp":1773777820690,"kind":"scroll","url":"http://localhost:3000/#home","viewport":{"width":1366,"height":616},"payload":{"scrollX":0,"scrollY":576,"documentHeight":2420,"viewportHeight":616}}
[2026-03-17T20:03:41.678Z] {"timestamp":1773777821190,"kind":"scroll","url":"http://localhost:3000/#home","viewport":{"width":1366,"height":616},"payload":{"scrollX":0,"scrollY":735,"documentHeight":2420,"viewportHeight":616}}
[2026-03-17T20:03:43.683Z] {"timestamp":1773777821690,"kind":"scroll","url":"http://localhost:3000/#home","viewport":{"width":1366,"height":616},"payload":{"scrollX":0,"scrollY":935,"documentHeight":2420,"viewportHeight":616}}
[2026-03-17T20:03:43.683Z] {"timestamp":1773777822239,"kind":"scroll","url":"http://localhost:3000/#home","viewport":{"width":1366,"height":616},"payload":{"scrollX":0,"scrollY":998,"documentHeight":2420,"viewportHeight":616}}
[2026-03-17T20:03:45.676Z] {"timestamp":1773777824338,"kind":"scroll","url":"http://localhost:3000/#home","viewport":{"width":1366,"height":616},"payload":{"scrollX":0,"scrollY":1019,"documentHeight":2420,"viewportHeight":616}}
[2026-03-17T20:03:45.676Z] {"timestamp":1773777824988,"kind":"scroll","url":"http://localhost:3000/#home","viewport":{"width":1366,"height":616},"payload":{"scrollX":0,"scrollY":1361,"documentHeight":2420,"viewportHeight":616}}
[2026-03-17T20:03:45.676Z] {"timestamp":1773777825538,"kind":"scroll","url":"http://localhost:3000/#home","viewport":{"width":1366,"height":616},"payload":{"scrollX":0,"scrollY":810,"documentHeight":2420,"viewportHeight":616}}
[2026-03-17T20:03:47.677Z] {"timestamp":1773777826137,"kind":"scroll","url":"http://localhost:3000/#home","viewport":{"width":1366,"height":616},"payload":{"scrollX":0,"scrollY":785,"documentHeight":2420,"viewportHeight":616}}
[2026-03-17T20:03:53.680Z] {"timestamp":1773777832301,"kind":"scroll","url":"http://localhost:3000/#home","viewport":{"width":1366,"height":616},"payload":{"scrollX":0,"scrollY":217,"documentHeight":2420,"viewportHeight":616}}
[2026-03-17T20:03:59.677Z] {"timestamp":1773777838014,"kind":"scroll","url":"http://localhost:3000/#home","viewport":{"width":1366,"height":616},"payload":{"scrollX":0,"scrollY":13,"documentHeight":2420,"viewportHeight":616}}
[2026-03-17T20:03:59.677Z] {"timestamp":1773777838514,"kind":"scroll","url":"http://localhost:3000/#home","viewport":{"width":1366,"height":616},"payload":{"scrollX":0,"scrollY":1637,"documentHeight":2420,"viewportHeight":616}}
[2026-03-17T20:04:01.677Z] {"timestamp":1773777840829,"kind":"scroll","url":"http://localhost:3000/#home","viewport":{"width":1366,"height":616},"payload":{"scrollX":0,"scrollY":1800,"documentHeight":2420,"viewportHeight":616}}
[2026-03-17T20:04:03.677Z] {"timestamp":1773777842495,"kind":"scroll","url":"http://localhost:3000/#home","viewport":{"width":1366,"height":616},"payload":{"scrollX":0,"scrollY":1787,"documentHeight":2420,"viewportHeight":616}}
[2026-03-17T20:04:03.677Z] {"timestamp":1773777843311,"kind":"scroll","url":"http://localhost:3000/#home","viewport":{"width":1366,"height":616},"payload":{"scrollX":0,"scrollY":1766,"documentHeight":2420,"viewportHeight":616}}
[2026-03-17T20:10:27.677Z] {"timestamp":1773778226235,"kind":"scroll","url":"http://localhost:3000/#home","viewport":{"width":1366,"height":616},"payload":{"scrollX":0,"scrollY":33,"documentHeight":2420,"viewportHeight":616}}
[2026-03-17T20:10:27.677Z] {"timestamp":1773778226735,"kind":"scroll","url":"http://localhost:3000/#home","viewport":{"width":1366,"height":616},"payload":{"scrollX":0,"scrollY":1019,"documentHeight":2420,"viewportHeight":616}}
[2026-03-17T20:10:27.677Z] {"timestamp":1773778227285,"kind":"scroll","url":"http://localhost:3000/#home","viewport":{"width":1366,"height":616},"payload":{"scrollX":0,"scrollY":1683,"documentHeight":2420,"viewportHeight":616}}
[2026-03-17T20:10:30.434Z] {"timestamp":1773778227801,"kind":"scroll","url":"http://localhost:3000/#home","viewport":{"width":1366,"height":616},"payload":{"scrollX":0,"scrollY":1662,"documentHeight":2420,"viewportHeight":616}}
[2026-03-17T20:13:23.688Z] {"timestamp":1773778402145,"kind":"navigate","url":"http://localhost:3000/#home","viewport":{"width":1366,"height":616},"payload":{"reason":"popstate"}}
[2026-03-17T20:13:25.680Z] {"timestamp":1773778405516,"kind":"navigate","url":"http://localhost:3000/#home","viewport":{"width":1366,"height":616},"payload":{"reason":"popstate"}}
[2026-03-17T20:17:28.275Z] {"timestamp":1773778647079,"kind":"navigate","url":"http://localhost:3000/#home","viewport":{"width":1366,"height":616},"payload":{"reason":"popstate"}}
[2026-03-17T20:25:36.388Z] {"timestamp":1773779135339,"kind":"scroll","url":"http://localhost:3001/","viewport":{"width":1366,"height":616},"payload":{"scrollX":0,"scrollY":40,"documentHeight":2420,"viewportHeight":616}}
[2026-03-17T20:25:36.388Z] {"timestamp":1773779135922,"kind":"scroll","url":"http://localhost:3001/","viewport":{"width":1366,"height":616},"payload":{"scrollX":0,"scrollY":574,"documentHeight":2420,"viewportHeight":616}}
[2026-03-17T20:25:38.386Z] {"timestamp":1773779136589,"kind":"scroll","url":"http://localhost:3001/","viewport":{"width":1366,"height":616},"payload":{"scrollX":0,"scrollY":1191,"documentHeight":2420,"viewportHeight":616}}
[2026-03-17T20:25:38.386Z] {"timestamp":1773779137354,"kind":"scroll","url":"http://localhost:3001/","viewport":{"width":1366,"height":616},"payload":{"scrollX":0,"scrollY":1742,"documentHeight":2420,"viewportHeight":616}}
[2026-03-17T20:25:42.385Z] {"timestamp":1773779141552,"kind":"scroll","url":"http://localhost:3001/","viewport":{"width":1366,"height":616},"payload":{"scrollX":0,"scrollY":36,"documentHeight":2420,"viewportHeight":616}}
[2026-03-17T20:25:44.382Z] {"timestamp":1773779142785,"kind":"scroll","url":"http://localhost:3001/","viewport":{"width":1366,"height":616},"payload":{"scrollX":0,"scrollY":560,"documentHeight":2420,"viewportHeight":616}}
[2026-03-17T20:25:44.382Z] {"timestamp":1773779143517,"kind":"scroll","url":"http://localhost:3001/","viewport":{"width":1366,"height":616},"payload":{"scrollX":0,"scrollY":1641,"documentHeight":2420,"viewportHeight":616}}
[2026-03-24T23:01:17.155Z] {"timestamp":1774393276930,"kind":"scroll","url":"http://localhost:3000/","viewport":{"width":1312,"height":653},"payload":{"scrollX":0,"scrollY":1,"documentHeight":2420,"viewportHeight":653}}
[2026-03-24T23:01:19.156Z] {"timestamp":1774393278185,"kind":"scroll","url":"http://localhost:3000/","viewport":{"width":1312,"height":653},"payload":{"scrollX":0,"scrollY":499,"documentHeight":2420,"viewportHeight":653}}
[2026-03-24T23:09:39.171Z] {"timestamp":1774393777972,"kind":"scroll","url":"http://localhost:3000/","viewport":{"width":1312,"height":653},"payload":{"scrollX":0,"scrollY":1,"documentHeight":3553,"viewportHeight":653}}
[2026-03-24T23:09:39.171Z] {"timestamp":1774393778738,"kind":"scroll","url":"http://localhost:3000/","viewport":{"width":1312,"height":653},"payload":{"scrollX":0,"scrollY":702,"documentHeight":3553,"viewportHeight":653}}
[2026-03-24T23:09:41.161Z] {"timestamp":1774393779388,"kind":"scroll","url":"http://localhost:3000/","viewport":{"width":1312,"height":653},"payload":{"scrollX":0,"scrollY":1501,"documentHeight":3553,"viewportHeight":653}}
[2026-03-24T23:09:41.161Z] {"timestamp":1774393780071,"kind":"scroll","url":"http://localhost:3000/","viewport":{"width":1312,"height":653},"payload":{"scrollX":0,"scrollY":2301,"documentHeight":3553,"viewportHeight":653}}
[2026-03-24T23:09:49.166Z] {"timestamp":1774393788684,"kind":"scroll","url":"http://localhost:3000/","viewport":{"width":1312,"height":653},"payload":{"scrollX":0,"scrollY":1767,"documentHeight":2420,"viewportHeight":653}}
[2026-03-24T23:09:51.167Z] {"timestamp":1774393789698,"kind":"scroll","url":"http://localhost:3000/","viewport":{"width":1312,"height":653},"payload":{"scrollX":0,"scrollY":1766,"documentHeight":2420,"viewportHeight":653}}
[2026-03-24T23:09:51.167Z] {"timestamp":1774393790198,"kind":"scroll","url":"http://localhost:3000/","viewport":{"width":1312,"height":653},"payload":{"scrollX":0,"scrollY":1154,"documentHeight":2420,"viewportHeight":653}}
[2026-03-24T23:09:51.167Z] {"timestamp":1774393790704,"kind":"scroll","url":"http://localhost:3000/","viewport":{"width":1312,"height":653},"payload":{"scrollX":0,"scrollY":67,"documentHeight":2420,"viewportHeight":653}}
[2026-03-24T23:10:48.267Z] {"timestamp":1774393847890,"kind":"scroll","url":"http://localhost:3000/","viewport":{"width":1312,"height":653},"payload":{"scrollX":0,"scrollY":1,"documentHeight":2420,"viewportHeight":653}}
[2026-03-24T23:10:50.261Z] {"timestamp":1774393848399,"kind":"scroll","url":"http://localhost:3000/","viewport":{"width":1312,"height":653},"payload":{"scrollX":0,"scrollY":614,"documentHeight":2420,"viewportHeight":653}}
[2026-03-24T23:10:50.261Z] {"timestamp":1774393848917,"kind":"scroll","url":"http://localhost:3000/","viewport":{"width":1312,"height":653},"payload":{"scrollX":0,"scrollY":1301,"documentHeight":2420,"viewportHeight":653}}
[2026-03-24T23:10:50.261Z] {"timestamp":1774393849805,"kind":"scroll","url":"http://localhost:3000/","viewport":{"width":1312,"height":653},"payload":{"scrollX":0,"scrollY":1766,"documentHeight":2420,"viewportHeight":653}}
[2026-03-24T23:10:52.258Z] {"timestamp":1774393851622,"kind":"scroll","url":"http://localhost:3000/","viewport":{"width":1312,"height":653},"payload":{"scrollX":0,"scrollY":1366,"documentHeight":2420,"viewportHeight":653}}
[2026-03-24T23:12:24.261Z] {"timestamp":1774393943714,"kind":"scroll","url":"http://localhost:3000/","viewport":{"width":1312,"height":653},"payload":{"scrollX":0,"scrollY":766,"documentHeight":2420,"viewportHeight":653}}
[2026-03-24T23:12:24.261Z] {"timestamp":1774393944217,"kind":"scroll","url":"http://localhost:3000/","viewport":{"width":1312,"height":653},"payload":{"scrollX":0,"scrollY":36,"documentHeight":2420,"viewportHeight":653}}
[2026-03-24T23:19:57.481Z] {"timestamp":1774394397051,"kind":"scroll","url":"http://localhost:3000/","viewport":{"width":1312,"height":653},"payload":{"scrollX":0,"scrollY":2,"documentHeight":2420,"viewportHeight":653}}
[2026-03-24T23:19:59.478Z] {"timestamp":1774394397555,"kind":"scroll","url":"http://localhost:3000/","viewport":{"width":1312,"height":653},"payload":{"scrollX":0,"scrollY":746,"documentHeight":2420,"viewportHeight":653}}
[2026-03-24T23:20:01.491Z] {"timestamp":1774394400105,"kind":"scroll","url":"http://localhost:3000/","viewport":{"width":1312,"height":653},"payload":{"scrollX":0,"scrollY":1001,"documentHeight":2420,"viewportHeight":653}}
[2026-03-24T23:20:03.478Z] {"timestamp":1774394403130,"kind":"scroll","url":"http://localhost:3000/","viewport":{"width":1312,"height":653},"payload":{"scrollX":0,"scrollY":1398,"documentHeight":2420,"viewportHeight":653}}
[2026-03-24T23:20:15.483Z] {"timestamp":1774394414580,"kind":"scroll","url":"http://localhost:3000/","viewport":{"width":1312,"height":653},"payload":{"scrollX":0,"scrollY":701,"documentHeight":2420,"viewportHeight":653}}
[2026-03-24T23:20:17.474Z] {"timestamp":1774394416123,"kind":"scroll","url":"http://localhost:3000/","viewport":{"width":1312,"height":653},"payload":{"scrollX":0,"scrollY":1298,"documentHeight":2420,"viewportHeight":653}}
[2026-03-24T23:20:19.478Z] {"timestamp":1774394417473,"kind":"scroll","url":"http://localhost:3000/","viewport":{"width":1312,"height":653},"payload":{"scrollX":0,"scrollY":901,"documentHeight":2415,"viewportHeight":653}}
[2026-03-24T23:20:19.478Z] {"timestamp":1774394418405,"kind":"scroll","url":"http://localhost:3000/","viewport":{"width":1312,"height":653},"payload":{"scrollX":0,"scrollY":1199,"documentHeight":2420,"viewportHeight":653}}
[2026-03-24T23:20:19.478Z] {"timestamp":1774394418910,"kind":"scroll","url":"http://localhost:3000/","viewport":{"width":1312,"height":653},"payload":{"scrollX":0,"scrollY":500,"documentHeight":2420,"viewportHeight":653}}
[2026-03-24T23:20:21.483Z] {"timestamp":1774394420423,"kind":"scroll","url":"http://localhost:3000/","viewport":{"width":1312,"height":653},"payload":{"scrollX":0,"scrollY":1,"documentHeight":2420,"viewportHeight":653}}
[2026-03-24T23:20:21.483Z] {"timestamp":1774394421194,"kind":"scroll","url":"http://localhost:3000/","viewport":{"width":1312,"height":653},"payload":{"scrollX":0,"scrollY":601,"documentHeight":2420,"viewportHeight":653}}
[2026-03-24T23:26:09.486Z] {"timestamp":1774394767486,"kind":"scroll","url":"http://localhost:3000/","viewport":{"width":1312,"height":653},"payload":{"scrollX":0,"scrollY":999,"documentHeight":2415,"viewportHeight":653}}
[2026-03-24T23:26:09.486Z] {"timestamp":1774394767987,"kind":"scroll","url":"http://localhost:3000/","viewport":{"width":1312,"height":653},"payload":{"scrollX":0,"scrollY":353,"documentHeight":2420,"viewportHeight":653}}
[2026-03-24T23:26:37.478Z] {"timestamp":1774394795515,"kind":"scroll","url":"http://localhost:3000/","viewport":{"width":1312,"height":653},"payload":{"scrollX":0,"scrollY":1,"documentHeight":2420,"viewportHeight":653}}
[2026-03-24T23:26:37.478Z] {"timestamp":1774394796315,"kind":"scroll","url":"http://localhost:3000/","viewport":{"width":1312,"height":653},"payload":{"scrollX":0,"scrollY":502,"documentHeight":2420,"viewportHeight":653}}
[2026-03-24T23:26:37.478Z] {"timestamp":1774394796815,"kind":"scroll","url":"http://localhost:3000/","viewport":{"width":1312,"height":653},"payload":{"scrollX":0,"scrollY":1087,"documentHeight":2420,"viewportHeight":653}}
[2026-03-24T23:26:37.478Z] {"timestamp":1774394797447,"kind":"scroll","url":"http://localhost:3000/","viewport":{"width":1312,"height":653},"payload":{"scrollX":0,"scrollY":401,"documentHeight":2420,"viewportHeight":653}}
[2026-03-24T23:26:39.483Z] {"timestamp":1774394798388,"kind":"scroll","url":"http://localhost:3000/","viewport":{"width":1312,"height":653},"payload":{"scrollX":0,"scrollY":801,"documentHeight":2415,"viewportHeight":653}}
[2026-03-24T23:26:57.481Z] {"timestamp":1774394816320,"kind":"scroll","url":"http://localhost:3000/","viewport":{"width":1312,"height":653},"payload":{"scrollX":0,"scrollY":1198,"documentHeight":2420,"viewportHeight":653}}
[2026-03-24T23:26:57.481Z] {"timestamp":1774394817304,"kind":"scroll","url":"http://localhost:3000/","viewport":{"width":1312,"height":653},"payload":{"scrollX":0,"scrollY":599,"documentHeight":2420,"viewportHeight":653}}
[2026-03-24T23:29:17.494Z] {"timestamp":1774394955617,"kind":"scroll","url":"http://localhost:3000/","viewport":{"width":1312,"height":653},"payload":{"scrollX":0,"scrollY":1,"documentHeight":2420,"viewportHeight":653}}
[2026-03-24T23:29:17.494Z] {"timestamp":1774394957310,"kind":"scroll","url":"http://localhost:3000/","viewport":{"width":1312,"height":653},"payload":{"scrollX":0,"scrollY":501,"documentHeight":2420,"viewportHeight":653}}
[2026-03-24T23:29:19.484Z] {"timestamp":1774394958266,"kind":"scroll","url":"http://localhost:3000/","viewport":{"width":1312,"height":653},"payload":{"scrollX":0,"scrollY":1101,"documentHeight":2420,"viewportHeight":653}}
[2026-03-24T23:29:19.484Z] {"timestamp":1774394959215,"kind":"scroll","url":"http://localhost:3000/","viewport":{"width":1312,"height":653},"payload":{"scrollX":0,"scrollY":1701,"documentHeight":2420,"viewportHeight":653}}
[2026-03-24T23:29:21.476Z] {"timestamp":1774394961264,"kind":"scroll","url":"http://localhost:3000/","viewport":{"width":1312,"height":653},"payload":{"scrollX":0,"scrollY":1766,"documentHeight":2420,"viewportHeight":653}}
[2026-03-24T23:29:23.490Z] {"timestamp":1774394961780,"kind":"scroll","url":"http://localhost:3000/","viewport":{"width":1312,"height":653},"payload":{"scrollX":0,"scrollY":1204,"documentHeight":2420,"viewportHeight":653}}
[2026-03-24T23:29:23.490Z] {"timestamp":1774394962297,"kind":"scroll","url":"http://localhost:3000/","viewport":{"width":1312,"height":653},"payload":{"scrollX":0,"scrollY":119,"documentHeight":2420,"viewportHeight":653}}
[2026-03-24T23:29:27.480Z] {"timestamp":1774394965860,"kind":"scroll","url":"http://localhost:3000/","viewport":{"width":1312,"height":653},"payload":{"scrollX":0,"scrollY":1,"documentHeight":2420,"viewportHeight":653}}
[2026-03-24T23:29:27.480Z] {"timestamp":1774394967022,"kind":"scroll","url":"http://localhost:3000/","viewport":{"width":1312,"height":653},"payload":{"scrollX":0,"scrollY":201,"documentHeight":2420,"viewportHeight":653}}
[2026-03-24T23:29:29.475Z] {"timestamp":1774394967526,"kind":"scroll","url":"http://localhost:3000/","viewport":{"width":1312,"height":653},"payload":{"scrollX":0,"scrollY":1005,"documentHeight":2420,"viewportHeight":653}}
[2026-03-24T23:40:10.032Z] {"timestamp":1774395609019,"kind":"scroll","url":"http://localhost:3000/","viewport":{"width":1312,"height":653},"payload":{"scrollX":0,"scrollY":1,"documentHeight":2420,"viewportHeight":653}}
[2026-03-24T23:40:10.032Z] {"timestamp":1774395609525,"kind":"scroll","url":"http://localhost:3000/","viewport":{"width":1312,"height":653},"payload":{"scrollX":0,"scrollY":478,"documentHeight":2420,"viewportHeight":653}}
[2026-03-24T23:40:10.032Z] {"timestamp":1774395610025,"kind":"scroll","url":"http://localhost:3000/","viewport":{"width":1312,"height":653},"payload":{"scrollX":0,"scrollY":672,"documentHeight":2420,"viewportHeight":653}}
[2026-03-24T23:40:16.032Z] {"timestamp":1774395615522,"kind":"scroll","url":"http://localhost:3000/","viewport":{"width":1312,"height":653},"payload":{"scrollX":0,"scrollY":701,"documentHeight":2420,"viewportHeight":653}}
[2026-03-24T23:41:02.038Z] {"timestamp":1774395660517,"kind":"scroll","url":"http://localhost:3000/","viewport":{"width":1312,"height":653},"payload":{"scrollX":0,"scrollY":801,"documentHeight":2420,"viewportHeight":653}}
[2026-03-24T23:41:02.038Z] {"timestamp":1774395661024,"kind":"scroll","url":"http://localhost:3000/","viewport":{"width":1312,"height":653},"payload":{"scrollX":0,"scrollY":1130,"documentHeight":2420,"viewportHeight":653}}
[2026-03-24T23:41:04.046Z] {"timestamp":1774395662113,"kind":"scroll","url":"http://localhost:3000/","viewport":{"width":1312,"height":653},"payload":{"scrollX":0,"scrollY":1499,"documentHeight":2420,"viewportHeight":653}}
[2026-03-24T23:41:32.047Z] {"timestamp":1774395690308,"kind":"scroll","url":"http://localhost:3000/","viewport":{"width":1312,"height":653},"payload":{"scrollX":0,"scrollY":1401,"documentHeight":2420,"viewportHeight":653}}
[2026-03-24T23:42:46.038Z] {"timestamp":1774395765817,"kind":"scroll","url":"http://localhost:3000/","viewport":{"width":1312,"height":653},"payload":{"scrollX":0,"scrollY":1766,"documentHeight":2420,"viewportHeight":653}}
[2026-03-24T23:42:48.043Z] {"timestamp":1774395766322,"kind":"scroll","url":"http://localhost:3000/","viewport":{"width":1312,"height":653},"payload":{"scrollX":0,"scrollY":1066,"documentHeight":2420,"viewportHeight":653}}
[2026-03-24T23:42:48.043Z] {"timestamp":1774395766823,"kind":"scroll","url":"http://localhost:3000/","viewport":{"width":1312,"height":653},"payload":{"scrollX":0,"scrollY":191,"documentHeight":2420,"viewportHeight":653}}
[2026-03-24T23:45:56.188Z] {"timestamp":1774395956079,"kind":"scroll","url":"http://localhost:3000/","viewport":{"width":1312,"height":653},"payload":{"scrollX":0,"scrollY":0,"documentHeight":2420,"viewportHeight":653}}
[2026-03-24T23:46:12.185Z] {"timestamp":1774395970340,"kind":"scroll","url":"http://localhost:3000/","viewport":{"width":1312,"height":653},"payload":{"scrollX":0,"scrollY":1,"documentHeight":3553,"viewportHeight":653}}
[2026-03-24T23:46:12.185Z] {"timestamp":1774395970905,"kind":"scroll","url":"http://localhost:3000/","viewport":{"width":1312,"height":653},"payload":{"scrollX":0,"scrollY":302,"documentHeight":3553,"viewportHeight":653}}
[2026-03-24T23:46:12.185Z] {"timestamp":1774395971705,"kind":"scroll","url":"http://localhost:3000/","viewport":{"width":1312,"height":653},"payload":{"scrollX":0,"scrollY":1102,"documentHeight":3553,"viewportHeight":653}}
[2026-03-24T23:46:14.174Z] {"timestamp":1774395972388,"kind":"scroll","url":"http://localhost:3000/","viewport":{"width":1312,"height":653},"payload":{"scrollX":0,"scrollY":1901,"documentHeight":3553,"viewportHeight":653}}
[2026-03-24T23:46:14.174Z] {"timestamp":1774395972903,"kind":"scroll","url":"http://localhost:3000/","viewport":{"width":1312,"height":653},"payload":{"scrollX":0,"scrollY":2702,"documentHeight":3553,"viewportHeight":653}}
[2026-03-24T23:47:04.188Z] {"timestamp":1774396023349,"kind":"scroll","url":"http://localhost:3000/","viewport":{"width":1312,"height":653},"payload":{"scrollX":0,"scrollY":2899,"documentHeight":3553,"viewportHeight":653}}
[2026-03-24T23:47:04.188Z] {"timestamp":1774396023859,"kind":"scroll","url":"http://localhost:3000/","viewport":{"width":1312,"height":653},"payload":{"scrollX":0,"scrollY":2267,"documentHeight":3553,"viewportHeight":653}}
[2026-03-24T23:47:06.174Z] {"timestamp":1774396024359,"kind":"scroll","url":"http://localhost:3000/","viewport":{"width":1312,"height":653},"payload":{"scrollX":0,"scrollY":1432,"documentHeight":3553,"viewportHeight":653}}
[2026-03-24T23:47:06.174Z] {"timestamp":1774396024864,"kind":"scroll","url":"http://localhost:3000/","viewport":{"width":1312,"height":653},"payload":{"scrollX":0,"scrollY":486,"documentHeight":3553,"viewportHeight":653}}
[2026-03-24T23:47:08.191Z] {"timestamp":1774396026885,"kind":"focusin","url":"http://localhost:3000/","viewport":{"width":1312,"height":653},"payload":{"target":{"tag":"button","id":null,"name":null,"type":null,"role":null,"ariaLabel":null,"testId":null,"dataLoc":"client\\src\\components\\Navigation.tsx:55","href":null,"text":"","selectorHint":"[data-loc=\"client\\src\\components\\Navigation.tsx:55\"]"}}}
[2026-03-24T23:47:08.191Z] {"timestamp":1774396026990,"kind":"click","url":"http://localhost:3000/","viewport":{"width":1312,"height":653},"payload":{"target":{"tag":"svg","id":null,"name":null,"type":null,"role":null,"ariaLabel":null,"testId":null,"dataLoc":"client\\src\\components\\Navigation.tsx:59","href":null,"text":"","selectorHint":"[data-loc=\"client\\src\\components\\Navigation.tsx:59\"]"},"x":25,"y":135}}
[2026-03-24T23:47:08.191Z] {"timestamp":1774396027870,"kind":"click","url":"http://localhost:3000/","viewport":{"width":1312,"height":653},"payload":{"target":{"tag":"svg","id":null,"name":null,"type":null,"role":null,"ariaLabel":null,"testId":null,"dataLoc":"client\\src\\components\\Navigation.tsx:59","href":null,"text":"","selectorHint":"[data-loc=\"client\\src\\components\\Navigation.tsx:59\"]"},"x":25,"y":135}}
[2026-03-24T23:47:12.173Z] {"timestamp":1774396030708,"kind":"scroll","url":"http://localhost:3000/","viewport":{"width":1312,"height":653},"payload":{"scrollX":0,"scrollY":1,"documentHeight":3553,"viewportHeight":653}}
[2026-03-24T23:47:14.998Z] {"timestamp":1774396032989,"kind":"focusout","url":"http://localhost:3000/","viewport":{"width":1312,"height":653},"payload":{"target":{"tag":"button","id":null,"name":null,"type":null,"role":null,"ariaLabel":null,"testId":null,"dataLoc":"client\\src\\components\\Navigation.tsx:55","href":null,"text":"","selectorHint":"[data-loc=\"client\\src\\components\\Navigation.tsx:55\"]"},"value":null}}
[2026-03-24T23:47:18.175Z] {"timestamp":1774396037729,"kind":"focusin","url":"http://localhost:3000/","viewport":{"width":1312,"height":653},"payload":{"target":{"tag":"button","id":null,"name":null,"type":null,"role":null,"ariaLabel":null,"testId":null,"dataLoc":"client\\src\\components\\Navigation.tsx:55","href":null,"text":"","selectorHint":"[data-loc=\"client\\src\\components\\Navigation.tsx:55\"]"}}}
[2026-03-24T23:47:20.175Z] {"timestamp":1774396040132,"kind":"focusout","url":"http://localhost:3000/","viewport":{"width":1312,"height":653},"payload":{"target":{"tag":"button","id":null,"name":null,"type":null,"role":null,"ariaLabel":null,"testId":null,"dataLoc":"client\\src\\components\\Navigation.tsx:55","href":null,"text":"","selectorHint":"[data-loc=\"client\\src\\components\\Navigation.tsx:55\"]"},"value":null}}
[2026-03-24T23:47:24.175Z] {"timestamp":1774396042989,"kind":"scroll","url":"http://localhost:3000/","viewport":{"width":1312,"height":653},"payload":{"scrollX":0,"scrollY":198,"documentHeight":2420,"viewportHeight":653}}
[2026-03-24T23:47:24.175Z] {"timestamp":1774396044048,"kind":"scroll","url":"http://localhost:3000/","viewport":{"width":1312,"height":653},"payload":{"scrollX":0,"scrollY":186,"documentHeight":2420,"viewportHeight":653}}
[2026-03-24T23:47:26.184Z] {"timestamp":1774396044887,"kind":"scroll","url":"http://localhost:3000/","viewport":{"width":1312,"height":653},"payload":{"scrollX":0,"scrollY":1,"documentHeight":2420,"viewportHeight":653}}
[2026-03-24T23:47:26.184Z] {"timestamp":1774396045403,"kind":"scroll","url":"http://localhost:3000/","viewport":{"width":1312,"height":653},"payload":{"scrollX":0,"scrollY":1110,"documentHeight":2415,"viewportHeight":653}}
[2026-03-24T23:47:26.184Z] {"timestamp":1774396045903,"kind":"scroll","url":"http://localhost:3000/","viewport":{"width":1312,"height":653},"payload":{"scrollX":0,"scrollY":1644,"documentHeight":2420,"viewportHeight":653}}
[2026-03-24T23:47:29.006Z] {"timestamp":1774396046447,"kind":"scroll","url":"http://localhost:3000/","viewport":{"width":1312,"height":653},"payload":{"scrollX":0,"scrollY":1766,"documentHeight":2420,"viewportHeight":653}}
[2026-03-24T23:47:29.006Z] {"timestamp":1774396046947,"kind":"scroll","url":"http://localhost:3000/","viewport":{"width":1312,"height":653},"payload":{"scrollX":0,"scrollY":1029,"documentHeight":2420,"viewportHeight":653}}
[2026-03-24T23:47:29.006Z] {"timestamp":1774396047447,"kind":"scroll","url":"http://localhost:3000/","viewport":{"width":1312,"height":653},"payload":{"scrollX":0,"scrollY":334,"documentHeight":2420,"viewportHeight":653}}
[2026-03-24T23:48:34.170Z] {"timestamp":1774396112228,"kind":"scroll","url":"http://localhost:3000/","viewport":{"width":1312,"height":653},"payload":{"scrollX":0,"scrollY":2,"documentHeight":2420,"viewportHeight":653}}
[2026-03-24T23:48:34.170Z] {"timestamp":1774396112835,"kind":"scroll","url":"http://localhost:3000/","viewport":{"width":1312,"height":653},"payload":{"scrollX":0,"scrollY":601,"documentHeight":2420,"viewportHeight":653}}
[2026-03-24T23:48:36.183Z] {"timestamp":1774396114259,"kind":"scroll","url":"http://localhost:3000/","viewport":{"width":1312,"height":653},"payload":{"scrollX":0,"scrollY":901,"documentHeight":2420,"viewportHeight":653}}
[2026-03-24T23:48:36.183Z] {"timestamp":1774396115366,"kind":"scroll","url":"http://localhost:3000/","viewport":{"width":1312,"height":653},"payload":{"scrollX":0,"scrollY":1401,"documentHeight":2420,"viewportHeight":653}}
[2026-03-24T23:48:38.178Z] {"timestamp":1774396116547,"kind":"scroll","url":"http://localhost:3000/","viewport":{"width":1312,"height":653},"payload":{"scrollX":0,"scrollY":1766,"documentHeight":2420,"viewportHeight":653}}
[2026-03-24T23:48:38.178Z] {"timestamp":1774396117061,"kind":"scroll","url":"http://localhost:3000/","viewport":{"width":1312,"height":653},"payload":{"scrollX":0,"scrollY":945,"documentHeight":2420,"viewportHeight":653}}
[2026-03-24T23:54:37.480Z] {"timestamp":1774396477363,"kind":"scroll","url":"http://localhost:3000/","viewport":{"width":1312,"height":653},"payload":{"scrollX":0,"scrollY":1,"documentHeight":2420,"viewportHeight":653}}
[2026-03-24T23:54:39.476Z] {"timestamp":1774396477877,"kind":"scroll","url":"http://localhost:3000/","viewport":{"width":1312,"height":653},"payload":{"scrollX":0,"scrollY":501,"documentHeight":2420,"viewportHeight":653}}
[2026-03-24T23:54:39.476Z] {"timestamp":1774396478617,"kind":"scroll","url":"http://localhost:3000/","viewport":{"width":1312,"height":653},"payload":{"scrollX":0,"scrollY":999,"documentHeight":2415,"viewportHeight":653}}
[2026-03-24T23:54:39.476Z] {"timestamp":1774396479133,"kind":"scroll","url":"http://localhost:3000/","viewport":{"width":1312,"height":653},"payload":{"scrollX":0,"scrollY":139,"documentHeight":2420,"viewportHeight":653}}
[2026-03-24T23:58:18.001Z] {"timestamp":1774396697433,"kind":"click","url":"http://localhost:3000/","viewport":{"width":1312,"height":653},"payload":{"target":{"tag":"div","id":null,"name":null,"type":null,"role":null,"ariaLabel":null,"testId":null,"dataLoc":"client\\src\\components\\Hero.tsx:41","href":null,"text":"Contrate Agora","selectorHint":"[data-loc=\"client\\src\\components\\Hero.tsx:41\"]"},"x":567,"y":616}}
[2026-03-24T23:58:19.994Z] {"timestamp":1774396698026,"kind":"scroll","url":"http://localhost:3000/","viewport":{"width":1312,"height":653},"payload":{"scrollX":0,"scrollY":2,"documentHeight":2420,"viewportHeight":653}}
[2026-03-24T23:58:19.994Z] {"timestamp":1774396698676,"kind":"scroll","url":"http://localhost:3000/","viewport":{"width":1312,"height":653},"payload":{"scrollX":0,"scrollY":501,"documentHeight":2420,"viewportHeight":653}}
[2026-03-24T23:58:19.994Z] {"timestamp":1774396699325,"kind":"scroll","url":"http://localhost:3000/","viewport":{"width":1312,"height":653},"payload":{"scrollX":0,"scrollY":1199,"documentHeight":2420,"viewportHeight":653}}
[2026-03-24T23:58:19.994Z] {"timestamp":1774396699825,"kind":"scroll","url":"http://localhost:3000/","viewport":{"width":1312,"height":653},"payload":{"scrollX":0,"scrollY":433,"documentHeight":2420,"viewportHeight":653}}
[2026-03-24T23:58:22.007Z] {"timestamp":1774396701109,"kind":"scroll","url":"http://localhost:3000/","viewport":{"width":1312,"height":653},"payload":{"scrollX":0,"scrollY":1,"documentHeight":2420,"viewportHeight":653}}
[2026-03-24T23:58:22.007Z] {"timestamp":1774396701614,"kind":"scroll","url":"http://localhost:3000/","viewport":{"width":1312,"height":653},"payload":{"scrollX":0,"scrollY":115,"documentHeight":2420,"viewportHeight":653}}
[2026-03-24T23:58:24.009Z] {"timestamp":1774396702740,"kind":"scroll","url":"http://localhost:3000/","viewport":{"width":1312,"height":653},"payload":{"scrollX":0,"scrollY":599,"documentHeight":2420,"viewportHeight":653}}
[2026-03-24T23:58:25.998Z] {"timestamp":1774396705264,"kind":"scroll","url":"http://localhost:3000/","viewport":{"width":1312,"height":653},"payload":{"scrollX":0,"scrollY":1,"documentHeight":2420,"viewportHeight":653}}
[2026-03-24T23:58:25.998Z] {"timestamp":1774396705844,"kind":"scroll","url":"http://localhost:3000/","viewport":{"width":1312,"height":653},"payload":{"scrollX":0,"scrollY":99,"documentHeight":2420,"viewportHeight":653}}
[2026-03-24T23:59:32.002Z] {"timestamp":1774396771526,"kind":"scroll","url":"http://localhost:3000/","viewport":{"width":1312,"height":653},"payload":{"scrollX":0,"scrollY":1,"documentHeight":2420,"viewportHeight":653}}
[2026-03-24T23:59:33.992Z] {"timestamp":1774396772296,"kind":"scroll","url":"http://localhost:3000/","viewport":{"width":1312,"height":653},"payload":{"scrollX":0,"scrollY":499,"documentHeight":2420,"viewportHeight":653}}
[2026-03-25T00:00:42.009Z] {"timestamp":1774396840991,"kind":"click","url":"http://localhost:3000/","viewport":{"width":1312,"height":653},"payload":{"target":{"tag":"p","id":null,"name":null,"type":null,"role":null,"ariaLabel":null,"testId":null,"dataLoc":"client\\src\\components\\Hero.tsx:33","href":null,"text":"Criando interfaces atraentes e experiências memoráveis com Front-end e OutSystem…","selectorHint":"[data-loc=\"client\\src\\components\\Hero.tsx:33\"]"},"x":495,"y":513}}
[2026-03-25T00:00:43.994Z] {"timestamp":1774396842497,"kind":"scroll","url":"http://localhost:3000/","viewport":{"width":1312,"height":653},"payload":{"scrollX":0,"scrollY":1,"documentHeight":2420,"viewportHeight":653}}
[2026-03-25T00:00:50.002Z] {"timestamp":1774396848384,"kind":"scroll","url":"http://localhost:3000/","viewport":{"width":1312,"height":653},"payload":{"scrollX":0,"scrollY":499,"documentHeight":2420,"viewportHeight":653}}
[2026-03-25T00:01:50.000Z] {"timestamp":1774396908795,"kind":"scroll","url":"http://localhost:3000/","viewport":{"width":1312,"height":653},"payload":{"scrollX":0,"scrollY":2,"documentHeight":2420,"viewportHeight":653}}
[2026-03-25T00:01:50.000Z] {"timestamp":1774396909427,"kind":"scroll","url":"http://localhost:3000/","viewport":{"width":1312,"height":653},"payload":{"scrollX":0,"scrollY":502,"documentHeight":2420,"viewportHeight":653}}
[2026-03-25T00:01:51.991Z] {"timestamp":1774396910010,"kind":"scroll","url":"http://localhost:3000/","viewport":{"width":1312,"height":653},"payload":{"scrollX":0,"scrollY":1096,"documentHeight":2420,"viewportHeight":653}}
[2026-03-25T00:01:51.991Z] {"timestamp":1774396910512,"kind":"scroll","url":"http://localhost:3000/","viewport":{"width":1312,"height":653},"payload":{"scrollX":0,"scrollY":330,"documentHeight":2420,"viewportHeight":653}}
[2026-03-25T00:01:55.091Z] {"timestamp":1774396913892,"kind":"scroll","url":"http://localhost:3000/","viewport":{"width":1312,"height":653},"payload":{"scrollX":0,"scrollY":1,"documentHeight":2420,"viewportHeight":653}}
[2026-03-25T00:03:07.088Z] {"timestamp":1774396985508,"kind":"scroll","url":"http://localhost:3000/","viewport":{"width":1312,"height":653},"payload":{"scrollX":0,"scrollY":601,"documentHeight":2420,"viewportHeight":653}}
[2026-03-25T00:03:11.076Z] {"timestamp":1774396990150,"kind":"scroll","url":"http://localhost:3000/","viewport":{"width":1312,"height":653},"payload":{"scrollX":0,"scrollY":1001,"documentHeight":2420,"viewportHeight":653}}
[2026-03-25T00:03:11.076Z] {"timestamp":1774396990719,"kind":"scroll","url":"http://localhost:3000/","viewport":{"width":1312,"height":653},"payload":{"scrollX":0,"scrollY":1401,"documentHeight":2420,"viewportHeight":653}}
[2026-03-25T00:03:13.083Z] {"timestamp":1774396991631,"kind":"scroll","url":"http://localhost:3000/","viewport":{"width":1312,"height":653},"payload":{"scrollX":0,"scrollY":1766,"documentHeight":2420,"viewportHeight":653}}
[2026-03-25T00:03:13.083Z] {"timestamp":1774396992131,"kind":"scroll","url":"http://localhost:3000/","viewport":{"width":1312,"height":653},"payload":{"scrollX":0,"scrollY":1026,"documentHeight":2420,"viewportHeight":653}}
